[GIN] 2021/11/17 - 17:24:02 | 200 |    8.533584ms |             ::1 | POST     "/admin/review/comment"
[GIN] 2021/11/17 - 17:24:40 | 200 |    173.8905ms |             ::1 | POST     "/admin/review/comment"
[GIN] 2021/11/17 - 17:25:48 | 200 |  180.911916ms |             ::1 | POST     "/admin/review/comment"
[GIN] 2021/11/17 - 17:25:58 | 200 |  176.781834ms |             ::1 | POST     "/admin/review/comment"
[GIN] 2021/11/17 - 17:26:12 | 200 |  180.847292ms |             ::1 | POST     "/admin/review/comment"
[GIN] 2021/11/17 - 17:26:26 | 200 |   93.412958ms |             ::1 | POST     "/comment/reply"
[GIN] 2021/11/17 - 17:27:36 | 200 |  173.009125ms |             ::1 | POST     "/admin/review/reply"
[GIN] 2021/11/17 - 17:27:47 | 200 |   178.76375ms |             ::1 | POST     "/admin/review/reply"
[GIN] 2021/11/17 - 17:27:59 | 200 |  191.834833ms |             ::1 | POST     "/admin/review/reply"
[GIN] 2021/11/17 - 17:28:06 | 200 |  171.492584ms |             ::1 | POST     "/admin/review/comment"
[GIN] 2021/11/17 - 17:28:21 | 200 |  171.165416ms |             ::1 | POST     "/admin/review/article"
[GIN] 2021/11/17 - 17:28:37 | 200 |    7.072292ms |             ::1 | POST     "/admin/review/query/article/list"
[GIN] 2021/11/17 - 17:28:55 | 200 |  117.660042ms |             ::1 | POST     "/admin/review/query/article/list"
[GIN] 2021/11/17 - 17:29:05 | 200 |   112.83775ms |             ::1 | POST     "/admin/review/query/article/failed/list"
[GIN] 2021/11/17 - 17:29:18 | 200 |     120.541ms |             ::1 | POST     "/admin/review/query/comment/list"
[GIN] 2021/11/17 - 17:30:21 | 200 |  120.685875ms |             ::1 | POST     "/admin/review/query/comment/failed/list"
[GIN] 2021/11/17 - 17:30:56 | 200 |  121.480375ms |             ::1 | POST     "/admin/review/query/reply/list"
[GIN] 2021/11/17 - 17:31:30 | 200 |     251.276ms |             ::1 | POST     "/admin/review/query/reply/failed/list"
[GIN] 2021/11/17 - 17:33:58 | 200 |  119.696375ms |             ::1 | POST     "/admin/review/query/article/list"
[GIN] 2021/11/17 - 17:34:01 | 200 |  115.021916ms |             ::1 | POST     "/admin/review/query/article/failed/list"
[GIN] 2021/11/17 - 17:34:04 | 200 |  116.532833ms |             ::1 | POST     "/admin/review/query/comment/list"
[GIN] 2021/11/17 - 17:34:10 | 200 |  123.456167ms |             ::1 | POST     "/admin/review/query/reply/list"
[GIN] 2021/11/17 - 17:34:39 | 200 |  118.120958ms |             ::1 | POST     "/admin/review/query/reply/list"
